<?xml version="1.0" encoding="UTF-8"?>
<testng-results skipped="0" failed="1" ignored="0" total="6" passed="5">
  <reporter-output>
  </reporter-output>
  <suite name="Surefire suite" duration-ms="528" started-at="2020-02-15T21:11:54 IST" finished-at="2020-02-15T21:11:55 IST">
    <groups>
    </groups>
    <test name="Surefire test" duration-ms="528" started-at="2020-02-15T21:11:54 IST" finished-at="2020-02-15T21:11:55 IST">
      <class name="SampleMaven.AppiumTest">
        <test-method status="PASS" signature="AndroidAutomation()[pri:0, instance:SampleMaven.AppiumTest@3c0f93f1]" name="AndroidAutomation" duration-ms="6" started-at="2020-02-15T21:11:54 IST" finished-at="2020-02-15T21:11:54 IST">
          <reporter-output>
          </reporter-output>
        </test-method> <!-- AndroidAutomation -->
        <test-method status="PASS" signature="IOSAutomation()[pri:0, instance:SampleMaven.AppiumTest@3c0f93f1]" name="IOSAutomation" duration-ms="1" started-at="2020-02-15T21:11:54 IST" finished-at="2020-02-15T21:11:54 IST">
          <reporter-output>
          </reporter-output>
        </test-method> <!-- IOSAutomation -->
      </class> <!-- SampleMaven.AppiumTest -->
      <class name="SampleMaven.SeleniumTest">
        <test-method status="FAIL" signature="BrowserAutomation()[pri:0, instance:SampleMaven.SeleniumTest@544fe44c]" name="BrowserAutomation" duration-ms="425" started-at="2020-02-15T21:11:54 IST" finished-at="2020-02-15T21:11:55 IST">
          <exception class="java.lang.IllegalStateException">
            <message>
              <![CDATA[The path to the driver executable must be set by the webdriver.gecko.driver system property; for more information, see https://github.com/mozilla/geckodriver. The latest version can be downloaded from https://github.com/mozilla/geckodriver/releases]]>
            </message>
            <full-stacktrace>
              <![CDATA[java.lang.IllegalStateException: The path to the driver executable must be set by the webdriver.gecko.driver system property; for more information, see https://github.com/mozilla/geckodriver. The latest version can be downloaded from https://github.com/mozilla/geckodriver/releases
at com.google.common.base.Preconditions.checkState(Preconditions.java:847)
at org.openqa.selenium.remote.service.DriverService.findExecutable(DriverService.java:134)
at org.openqa.selenium.firefox.GeckoDriverService.access$100(GeckoDriverService.java:44)
at org.openqa.selenium.firefox.GeckoDriverService$Builder.findDefaultExecutable(GeckoDriverService.java:167)
at org.openqa.selenium.remote.service.DriverService$Builder.build(DriverService.java:355)
at org.openqa.selenium.firefox.FirefoxDriver.toExecutor(FirefoxDriver.java:190)
at org.openqa.selenium.firefox.FirefoxDriver.<init>(FirefoxDriver.java:147)
at org.openqa.selenium.firefox.FirefoxDriver.<init>(FirefoxDriver.java:125)
at SampleMaven.SeleniumTest.BrowserAutomation(SeleniumTest.java:14)
at sun.reflect.NativeMethodAccessorImpl.invoke0(Native Method)
at sun.reflect.NativeMethodAccessorImpl.invoke(NativeMethodAccessorImpl.java:62)
at sun.reflect.DelegatingMethodAccessorImpl.invoke(DelegatingMethodAccessorImpl.java:43)
at java.lang.reflect.Method.invoke(Method.java:483)
at org.testng.internal.MethodInvocationHelper.invokeMethod(MethodInvocationHelper.java:134)
at org.testng.internal.TestInvoker.invokeMethod(TestInvoker.java:597)
at org.testng.internal.TestInvoker.invokeTestMethod(TestInvoker.java:173)
at org.testng.internal.MethodRunner.runInSequence(MethodRunner.java:46)
at org.testng.internal.TestInvoker$MethodInvocationAgent.invoke(TestInvoker.java:816)
at org.testng.internal.TestInvoker.invokeTestMethods(TestInvoker.java:146)
at org.testng.internal.TestMethodWorker.invokeTestMethods(TestMethodWorker.java:146)
at org.testng.internal.TestMethodWorker.run(TestMethodWorker.java:128)
at org.testng.TestRunner$$Lambda$48/982007015.accept(Unknown Source)
at java.util.ArrayList.forEach(ArrayList.java:1234)
at org.testng.TestRunner.privateRun(TestRunner.java:766)
at org.testng.TestRunner.run(TestRunner.java:587)
at org.testng.SuiteRunner.runTest(SuiteRunner.java:384)
at org.testng.SuiteRunner.runSequentially(SuiteRunner.java:378)
at org.testng.SuiteRunner.privateRun(SuiteRunner.java:337)
at org.testng.SuiteRunner.run(SuiteRunner.java:286)
at org.testng.SuiteRunnerWorker.runSuite(SuiteRunnerWorker.java:53)
at org.testng.SuiteRunnerWorker.run(SuiteRunnerWorker.java:96)
at org.testng.TestNG.runSuitesSequentially(TestNG.java:1187)
at org.testng.TestNG.runSuitesLocally(TestNG.java:1109)
at org.testng.TestNG.runSuites(TestNG.java:1039)
at org.testng.TestNG.run(TestNG.java:1007)
at org.apache.maven.surefire.testng.TestNGExecutor.run(TestNGExecutor.java:135)
at org.apache.maven.surefire.testng.TestNGDirectoryTestSuite.executeMulti(TestNGDirectoryTestSuite.java:193)
at org.apache.maven.surefire.testng.TestNGDirectoryTestSuite.execute(TestNGDirectoryTestSuite.java:94)
at org.apache.maven.surefire.testng.TestNGProvider.invoke(TestNGProvider.java:146)
at org.apache.maven.surefire.booter.ForkedBooter.runSuitesInProcess(ForkedBooter.java:377)
at org.apache.maven.surefire.booter.ForkedBooter.execute(ForkedBooter.java:138)
at org.apache.maven.surefire.booter.ForkedBooter.run(ForkedBooter.java:465)
at org.apache.maven.surefire.booter.ForkedBooter.main(ForkedBooter.java:451)
]]>
            </full-stacktrace>
          </exception> <!-- java.lang.IllegalStateException -->
          <reporter-output>
          </reporter-output>
        </test-method> <!-- BrowserAutomation -->
        <test-method status="PASS" signature="elementsUI()[pri:0, instance:SampleMaven.SeleniumTest@544fe44c]" name="elementsUI" duration-ms="0" started-at="2020-02-15T21:11:55 IST" finished-at="2020-02-15T21:11:55 IST">
          <reporter-output>
          </reporter-output>
        </test-method> <!-- elementsUI -->
      </class> <!-- SampleMaven.SeleniumTest -->
      <class name="SampleMaven.RestAssuredTest">
        <test-method status="PASS" signature="AddJira()[pri:0, instance:SampleMaven.RestAssuredTest@31dc339b]" name="AddJira" duration-ms="0" started-at="2020-02-15T21:11:54 IST" finished-at="2020-02-15T21:11:54 IST">
          <reporter-output>
          </reporter-output>
        </test-method> <!-- AddJira -->
        <test-method status="PASS" signature="DeleteTwitter()[pri:0, instance:SampleMaven.RestAssuredTest@31dc339b]" name="DeleteTwitter" duration-ms="0" started-at="2020-02-15T21:11:54 IST" finished-at="2020-02-15T21:11:54 IST">
          <reporter-output>
          </reporter-output>
        </test-method> <!-- DeleteTwitter -->
      </class> <!-- SampleMaven.RestAssuredTest -->
    </test> <!-- Surefire test -->
  </suite> <!-- Surefire suite -->
</testng-results>
